# JRE version: OpenJDK Runtime Environment (11.0.10) (build 11.0.10+0-b96-7249189)
# Java VM: OpenJDK 64-Bit Server VM (11.0.10+0-b96-7249189, mixed mode, tiered, compressed oops, g1 gc, windows-amd64)
Heap:
 garbage-first heap   total 406528K, used 248104K [0x0000000080000000, 0x0000000100000000)
  region size 1024K, 1 young (1024K), 1 survivors (1024K)
 Metaspace       used 137928K, capacity 142724K, committed 143404K, reserved 1175552K
  class space    used 16367K, capacity 18102K, committed 18220K, reserved 1048576K
GC Heap History (20 events):
Event: 12296.365 GC heap after
{Heap after GC invocations=572 (full 0):
 garbage-first heap   total 262144K, used 104721K [0x0000000080000000, 0x0000000100000000)
  region size 1024K, 2 young (2048K), 2 survivors (2048K)
 Metaspace       used 137715K, capacity 142496K, committed 143404K, reserved 1175552K
  class space    used 16361K, capacity 18092K, committed 18220K, reserved 1048576K
}
Event: 12297.277 GC heap before
{Heap before GC invocations=572 (full 0):
 garbage-first heap   total 262144K, used 216337K [0x0000000080000000, 0x0000000100000000)
  region size 1024K, 112 young (114688K), 2 survivors (2048K)
 Metaspace       used 137808K, capacity 142593K, committed 143404K, reserved 1175552K
  class space    used 16367K, capacity 18102K, committed 18220K, reserved 1048576K
}
Event: 12297.285 GC heap after
{Heap after GC invocations=573 (full 0):
 garbage-first heap   total 262144K, used 105003K [0x0000000080000000, 0x0000000100000000)
  region size 1024K, 2 young (2048K), 2 survivors (2048K)
 Metaspace       used 137808K, capacity 142593K, committed 143404K, reserved 1175552K
  class space    used 16367K, capacity 18102K, committed 18220K, reserved 1048576K
}
Event: 12298.002 GC heap before
{Heap before GC invocations=574 (full 0):
 garbage-first heap   total 262144K, used 251435K [0x0000000080000000, 0x0000000100000000)
  region size 1024K, 114 young (116736K), 2 survivors (2048K)
 Metaspace       used 137866K, capacity 142658K, committed 143404K, reserved 1175552K
  class space    used 16367K, capacity 18102K, committed 18220K, reserved 1048576K
}
Event: 12298.070 GC heap after
{Heap after GC invocations=575 (full 0):
 garbage-first heap   total 304128K, used 176523K [0x0000000080000000, 0x0000000100000000)
  region size 1024K, 15 young (15360K), 15 survivors (15360K)
 Metaspace       used 137866K, capacity 142658K, committed 143404K, reserved 1175552K
  class space    used 16367K, capacity 18102K, committed 18220K, reserved 1048576K
}
Event: 12298.074 GC heap before
{Heap before GC invocations=575 (full 0):
 garbage-first heap   total 304128K, used 177547K [0x0000000080000000, 0x0000000100000000)
  region size 1024K, 16 young (16384K), 15 survivors (15360K)
 Metaspace       used 137866K, capacity 142658K, committed 143404K, reserved 1175552K
  class space    used 16367K, capacity 18102K, committed 18220K, reserved 1048576K
}
Event: 12298.109 GC heap after
{Heap after GC invocations=576 (full 0):
 garbage-first heap   total 304128K, used 180309K [0x0000000080000000, 0x0000000100000000)
  region size 1024K, 2 young (2048K), 2 survivors (2048K)
 Metaspace       used 137866K, capacity 142658K, committed 143404K, reserved 1175552K
  class space    used 16367K, capacity 18102K, committed 18220K, reserved 1048576K
}
Event: 12298.400 GC heap before
{Heap before GC invocations=576 (full 0):
 garbage-first heap   total 304128K, used 239701K [0x0000000080000000, 0x0000000100000000)
  region size 1024K, 60 young (61440K), 2 survivors (2048K)
 Metaspace       used 137877K, capacity 142658K, committed 143404K, reserved 1175552K
  class space    used 16367K, capacity 18102K, committed 18220K, reserved 1048576K
}
Event: 12298.434 GC heap after
{Heap after GC invocations=577 (full 0):
 garbage-first heap   total 304128K, used 213328K [0x0000000080000000, 0x0000000100000000)
  region size 1024K, 8 young (8192K), 8 survivors (8192K)
 Metaspace       used 137877K, capacity 142658K, committed 143404K, reserved 1175552K
  class space    used 16367K, capacity 18102K, committed 18220K, reserved 1048576K
}
Event: 12298.708 GC heap before
{Heap before GC invocations=577 (full 0):
 garbage-first heap   total 304128K, used 243024K [0x0000000080000000, 0x0000000100000000)
  region size 1024K, 38 young (38912K), 8 survivors (8192K)
 Metaspace       used 137906K, capacity 142658K, committed 143404K, reserved 1175552K
  class space    used 16367K, capacity 18102K, committed 18220K, reserved 1048576K
}
Event: 12298.737 GC heap after
{Heap after GC invocations=578 (full 0):
 garbage-first heap   total 304128K, used 230912K [0x0000000080000000, 0x0000000100000000)
  region size 1024K, 5 young (5120K), 5 survivors (5120K)
 Metaspace       used 137906K, capacity 142658K, committed 143404K, reserved 1175552K
  class space    used 16367K, capacity 18102K, committed 18220K, reserved 1048576K
}
Event: 12298.899 GC heap before
{Heap before GC invocations=578 (full 0):
 garbage-first heap   total 304128K, used 249344K [0x0000000080000000, 0x0000000100000000)
  region size 1024K, 24 young (24576K), 5 survivors (5120K)
 Metaspace       used 137909K, capacity 142660K, committed 143404K, reserved 1175552K
  class space    used 16367K, capacity 18102K, committed 18220K, reserved 1048576K
}
Event: 12298.926 GC heap after
{Heap after GC invocations=579 (full 0):
 garbage-first heap   total 304128K, used 238066K [0x0000000080000000, 0x0000000100000000)
  region size 1024K, 3 young (3072K), 3 survivors (3072K)
 Metaspace       used 137909K, capacity 142660K, committed 143404K, reserved 1175552K
  class space    used 16367K, capacity 18102K, committed 18220K, reserved 1048576K
}
Event: 12299.030 GC heap before
{Heap before GC invocations=579 (full 0):
 garbage-first heap   total 304128K, used 255474K [0x0000000080000000, 0x0000000100000000)
  region size 1024K, 20 young (20480K), 3 survivors (3072K)
 Metaspace       used 137909K, capacity 142660K, committed 143404K, reserved 1175552K
  class space    used 16367K, capacity 18102K, committed 18220K, reserved 1048576K
}
Event: 12299.048 GC heap after
{Heap after GC invocations=580 (full 0):
 garbage-first heap   total 304128K, used 241420K [0x0000000080000000, 0x0000000100000000)
  region size 1024K, 2 young (2048K), 2 survivors (2048K)
 Metaspace       used 137909K, capacity 142660K, committed 143404K, reserved 1175552K
  class space    used 16367K, capacity 18102K, committed 18220K, reserved 1048576K
}
Event: 12299.270 GC heap before
{Heap before GC invocations=581 (full 0):
 garbage-first heap   total 304128K, used 259852K [0x0000000080000000, 0x0000000100000000)
  region size 1024K, 18 young (18432K), 2 survivors (2048K)
 Metaspace       used 137925K, capacity 142724K, committed 143404K, reserved 1175552K
  class space    used 16367K, capacity 18102K, committed 18220K, reserved 1048576K
}
Event: 12299.283 GC heap after
{Heap after GC invocations=582 (full 0):
 garbage-first heap   total 304128K, used 245797K [0x0000000080000000, 0x0000000100000000)
  region size 1024K, 3 young (3072K), 3 survivors (3072K)
 Metaspace       used 137925K, capacity 142724K, committed 143404K, reserved 1175552K
  class space    used 16367K, capacity 18102K, committed 18220K, reserved 1048576K
}
Event: 12299.453 GC heap before
{Heap before GC invocations=582 (full 0):
 garbage-first heap   total 304128K, used 259109K [0x0000000080000000, 0x0000000100000000)
  region size 1024K, 14 young (14336K), 3 survivors (3072K)
 Metaspace       used 137928K, capacity 142724K, committed 143404K, reserved 1175552K
  class space    used 16367K, capacity 18102K, committed 18220K, reserved 1048576K
}
Event: 12299.479 GC heap after
{Heap after GC invocations=583 (full 0):
 garbage-first heap   total 304128K, used 246715K [0x0000000080000000, 0x0000000100000000)
  region size 1024K, 2 young (2048K), 2 survivors (2048K)
 Metaspace       used 137928K, capacity 142724K, committed 143404K, reserved 1175552K
  class space    used 16367K, capacity 18102K, committed 18220K, reserved 1048576K
}
Event: 12299.494 GC heap before
{Heap before GC invocations=583 (full 0):
 garbage-first heap   total 304128K, used 247739K [0x0000000080000000, 0x0000000100000000)
  region size 1024K, 4 young (4096K), 2 survivors (2048K)
 Metaspace       used 137928K, capacity 142724K, committed 143404K, reserved 1175552K
  class space    used 16367K, capacity 18102K, committed 18220K, reserved 1048576K
}

